{"C:\\Users\\Henrique\\projects\\mobile-challenger\\src\\components\\boxRepository\\index.js": {"path":"C:\\Users\\Henrique\\projects\\mobile-challenger\\src\\components\\boxRepository\\index.js","statementMap":{"0":{"start":{"line":8,"column":2},"end":{"line":27,"column":3}}},"fnMap":{"0":{"name":"BoxRepository","decl":{"start":{"line":7,"column":24},"end":{"line":7,"column":37}},"loc":{"start":{"line":7,"column":54},"end":{"line":28,"column":1}},"line":7}},"branchMap":{"0":{"loc":{"start":{"line":15,"column":10},"end":{"line":15,"column":75}},"type":"cond-expr","locations":[{"start":{"line":15,"column":35},"end":{"line":15,"column":57}},{"start":{"line":15,"column":60},"end":{"line":15,"column":75}}],"line":15}},"s":{"0":2},"f":{"0":2},"b":{"0":[2,0]},"_coverageSchema":"43e27e138ebf9cfc5966b082cf9a028302ed4184","hash":"86a41110f0e66ff66fdd2aa3c5f540b678343d60"}
,"C:\\Users\\Henrique\\projects\\mobile-challenger\\src\\components\\boxRepository\\styles.js": {"path":"C:\\Users\\Henrique\\projects\\mobile-challenger\\src\\components\\boxRepository\\styles.js","statementMap":{},"fnMap":{},"branchMap":{},"s":{},"f":{},"b":{},"_coverageSchema":"43e27e138ebf9cfc5966b082cf9a028302ed4184","hash":"1bbaedcfc092f70452e5216b69273e0b32f80d75"}
,"C:\\Users\\Henrique\\projects\\mobile-challenger\\src\\components\\githubButton\\index.js": {"path":"C:\\Users\\Henrique\\projects\\mobile-challenger\\src\\components\\githubButton\\index.js","statementMap":{"0":{"start":{"line":8,"column":2},"end":{"line":28,"column":3}},"1":{"start":{"line":12,"column":25},"end":{"line":12,"column":45}}},"fnMap":{"0":{"name":"GithubButton","decl":{"start":{"line":7,"column":24},"end":{"line":7,"column":36}},"loc":{"start":{"line":7,"column":46},"end":{"line":29,"column":1}},"line":7},"1":{"name":"(anonymous_1)","decl":{"start":{"line":12,"column":19},"end":{"line":12,"column":20}},"loc":{"start":{"line":12,"column":25},"end":{"line":12,"column":45}},"line":12}},"branchMap":{},"s":{"0":4,"1":0},"f":{"0":4,"1":0},"b":{},"_coverageSchema":"43e27e138ebf9cfc5966b082cf9a028302ed4184","hash":"ebf3d43f1f39b56cecfffd74f1f3c03d23d51434"}
,"C:\\Users\\Henrique\\projects\\mobile-challenger\\src\\components\\githubButton\\styles.js": {"path":"C:\\Users\\Henrique\\projects\\mobile-challenger\\src\\components\\githubButton\\styles.js","statementMap":{},"fnMap":{},"branchMap":{},"s":{},"f":{},"b":{},"_coverageSchema":"43e27e138ebf9cfc5966b082cf9a028302ed4184","hash":"930df47c5bc8d8bd93c70afb3ffa6cf5aff5abd0"}
,"C:\\Users\\Henrique\\projects\\mobile-challenger\\src\\components\\searchRepository\\index.js": {"path":"C:\\Users\\Henrique\\projects\\mobile-challenger\\src\\components\\searchRepository\\index.js","statementMap":{"0":{"start":{"line":8,"column":2},"end":{"line":23,"column":3}}},"fnMap":{"0":{"name":"SearchRepository","decl":{"start":{"line":7,"column":24},"end":{"line":7,"column":40}},"loc":{"start":{"line":7,"column":48},"end":{"line":24,"column":1}},"line":7}},"branchMap":{},"s":{"0":5},"f":{"0":5},"b":{},"_coverageSchema":"43e27e138ebf9cfc5966b082cf9a028302ed4184","hash":"a00295275afc3249f2efefe8b75b43691cd06bd9"}
,"C:\\Users\\Henrique\\projects\\mobile-challenger\\src\\components\\searchRepository\\styles.js": {"path":"C:\\Users\\Henrique\\projects\\mobile-challenger\\src\\components\\searchRepository\\styles.js","statementMap":{},"fnMap":{},"branchMap":{},"s":{},"f":{},"b":{},"_coverageSchema":"43e27e138ebf9cfc5966b082cf9a028302ed4184","hash":"eac7454715c313296112c2cb65d0c433fe5c2bd5"}
,"C:\\Users\\Henrique\\projects\\mobile-challenger\\src\\pages\\home\\index.js": {"path":"C:\\Users\\Henrique\\projects\\mobile-challenger\\src\\pages\\home\\index.js","statementMap":{"0":{"start":{"line":13,"column":34},"end":{"line":13,"column":46}},"1":{"start":{"line":14,"column":33},"end":{"line":14,"column":48}},"2":{"start":{"line":15,"column":38},"end":{"line":15,"column":53}},"3":{"start":{"line":17,"column":23},"end":{"line":17,"column":63}},"4":{"start":{"line":17,"column":44},"end":{"line":17,"column":62}},"5":{"start":{"line":18,"column":19},"end":{"line":18,"column":32}},"6":{"start":{"line":19,"column":21},"end":{"line":19,"column":36}},"7":{"start":{"line":21,"column":2},"end":{"line":59,"column":4}},"8":{"start":{"line":41,"column":10},"end":{"line":41,"column":27}},"9":{"start":{"line":42,"column":10},"end":{"line":42,"column":29}},"10":{"start":{"line":43,"column":10},"end":{"line":43,"column":51}},"11":{"start":{"line":44,"column":10},"end":{"line":44,"column":28}},"12":{"start":{"line":45,"column":10},"end":{"line":45,"column":30}}},"fnMap":{"0":{"name":"Home","decl":{"start":{"line":12,"column":24},"end":{"line":12,"column":28}},"loc":{"start":{"line":12,"column":31},"end":{"line":60,"column":1}},"line":12},"1":{"name":"(anonymous_1)","decl":{"start":{"line":17,"column":35},"end":{"line":17,"column":36}},"loc":{"start":{"line":17,"column":44},"end":{"line":17,"column":62}},"line":17},"2":{"name":"(anonymous_2)","decl":{"start":{"line":40,"column":17},"end":{"line":40,"column":18}},"loc":{"start":{"line":40,"column":29},"end":{"line":47,"column":9}},"line":40}},"branchMap":{"0":{"loc":{"start":{"line":23,"column":7},"end":{"line":29,"column":15}},"type":"binary-expr","locations":[{"start":{"line":23,"column":7},"end":{"line":23,"column":14}},{"start":{"line":24,"column":8},"end":{"line":29,"column":15}}],"line":23},"1":{"loc":{"start":{"line":54,"column":7},"end":{"line":56,"column":52}},"type":"binary-expr","locations":[{"start":{"line":54,"column":7},"end":{"line":54,"column":33}},{"start":{"line":55,"column":8},"end":{"line":55,"column":31}},{"start":{"line":56,"column":8},"end":{"line":56,"column":18}},{"start":{"line":56,"column":22},"end":{"line":56,"column":52}}],"line":54}},"s":{"0":0,"1":0,"2":0,"3":0,"4":0,"5":0,"6":0,"7":0,"8":0,"9":0,"10":0,"11":0,"12":0},"f":{"0":0,"1":0,"2":0},"b":{"0":[0,0],"1":[0,0,0,0]},"_coverageSchema":"43e27e138ebf9cfc5966b082cf9a028302ed4184","hash":"cb6fb292eefb18a7f893f230566e097f9fc24a22"}
,"C:\\Users\\Henrique\\projects\\mobile-challenger\\src\\pages\\home\\styles.js": {"path":"C:\\Users\\Henrique\\projects\\mobile-challenger\\src\\pages\\home\\styles.js","statementMap":{},"fnMap":{},"branchMap":{},"s":{},"f":{},"b":{},"_coverageSchema":"43e27e138ebf9cfc5966b082cf9a028302ed4184","hash":"43e6d5d0d8c7d511f33bf9bf4d090330d890abba"}
,"C:\\Users\\Henrique\\projects\\mobile-challenger\\src\\pages\\profile\\index.js": {"path":"C:\\Users\\Henrique\\projects\\mobile-challenger\\src\\pages\\profile\\index.js","statementMap":{"0":{"start":{"line":13,"column":23},"end":{"line":13,"column":63}},"1":{"start":{"line":13,"column":44},"end":{"line":13,"column":62}},"2":{"start":{"line":14,"column":21},"end":{"line":14,"column":36}},"3":{"start":{"line":15,"column":24},"end":{"line":15,"column":83}},"4":{"start":{"line":16,"column":19},"end":{"line":16,"column":73}},"5":{"start":{"line":18,"column":19},"end":{"line":18,"column":32}},"6":{"start":{"line":20,"column":2},"end":{"line":61,"column":4}},"7":{"start":{"line":26,"column":16},"end":{"line":26,"column":43}},"8":{"start":{"line":27,"column":16},"end":{"line":27,"column":45}},"9":{"start":{"line":51,"column":38},"end":{"line":51,"column":59}},"10":{"start":{"line":53,"column":12},"end":{"line":55,"column":31}},"11":{"start":{"line":53,"column":45},"end":{"line":53,"column":94}}},"fnMap":{"0":{"name":"Profile","decl":{"start":{"line":12,"column":24},"end":{"line":12,"column":31}},"loc":{"start":{"line":12,"column":34},"end":{"line":62,"column":1}},"line":12},"1":{"name":"(anonymous_1)","decl":{"start":{"line":13,"column":35},"end":{"line":13,"column":36}},"loc":{"start":{"line":13,"column":44},"end":{"line":13,"column":62}},"line":13},"2":{"name":"(anonymous_2)","decl":{"start":{"line":25,"column":21},"end":{"line":25,"column":22}},"loc":{"start":{"line":25,"column":27},"end":{"line":28,"column":15}},"line":25},"3":{"name":"(anonymous_3)","decl":{"start":{"line":51,"column":24},"end":{"line":51,"column":25}},"loc":{"start":{"line":51,"column":38},"end":{"line":51,"column":59}},"line":51},"4":{"name":"(anonymous_4)","decl":{"start":{"line":52,"column":22},"end":{"line":52,"column":23}},"loc":{"start":{"line":53,"column":12},"end":{"line":55,"column":31}},"line":53},"5":{"name":"(anonymous_5)","decl":{"start":{"line":53,"column":39},"end":{"line":53,"column":40}},"loc":{"start":{"line":53,"column":45},"end":{"line":53,"column":94}},"line":53}},"branchMap":{"0":{"loc":{"start":{"line":15,"column":24},"end":{"line":15,"column":83}},"type":"binary-expr","locations":[{"start":{"line":15,"column":24},"end":{"line":15,"column":47}},{"start":{"line":15,"column":51},"end":{"line":15,"column":83}}],"line":15},"1":{"loc":{"start":{"line":16,"column":19},"end":{"line":16,"column":73}},"type":"binary-expr","locations":[{"start":{"line":16,"column":19},"end":{"line":16,"column":42}},{"start":{"line":16,"column":46},"end":{"line":16,"column":73}}],"line":16}},"s":{"0":0,"1":0,"2":0,"3":0,"4":0,"5":0,"6":0,"7":0,"8":0,"9":0,"10":0,"11":0},"f":{"0":0,"1":0,"2":0,"3":0,"4":0,"5":0},"b":{"0":[0,0],"1":[0,0]},"_coverageSchema":"43e27e138ebf9cfc5966b082cf9a028302ed4184","hash":"2c8e39ecfe6d1ee92951431eaec9892a512506f1"}
,"C:\\Users\\Henrique\\projects\\mobile-challenger\\src\\pages\\profile\\styles.js": {"path":"C:\\Users\\Henrique\\projects\\mobile-challenger\\src\\pages\\profile\\styles.js","statementMap":{},"fnMap":{},"branchMap":{},"s":{},"f":{},"b":{},"_coverageSchema":"43e27e138ebf9cfc5966b082cf9a028302ed4184","hash":"c069fb2c2ea91dbadfde5456203febf2ec98e645"}
,"C:\\Users\\Henrique\\projects\\mobile-challenger\\src\\pages\\repository\\index.js": {"path":"C:\\Users\\Henrique\\projects\\mobile-challenger\\src\\pages\\repository\\index.js","statementMap":{"0":{"start":{"line":12,"column":16},"end":{"line":12,"column":26}},"1":{"start":{"line":13,"column":25},"end":{"line":13,"column":37}},"2":{"start":{"line":15,"column":21},"end":{"line":15,"column":36}},"3":{"start":{"line":16,"column":20},"end":{"line":16,"column":70}},"4":{"start":{"line":18,"column":2},"end":{"line":81,"column":4}},"5":{"start":{"line":23,"column":64},"end":{"line":23,"column":94}}},"fnMap":{"0":{"name":"Home","decl":{"start":{"line":11,"column":24},"end":{"line":11,"column":28}},"loc":{"start":{"line":11,"column":31},"end":{"line":82,"column":1}},"line":11},"1":{"name":"(anonymous_1)","decl":{"start":{"line":23,"column":58},"end":{"line":23,"column":59}},"loc":{"start":{"line":23,"column":64},"end":{"line":23,"column":94}},"line":23}},"branchMap":{"0":{"loc":{"start":{"line":65,"column":12},"end":{"line":65,"column":77}},"type":"cond-expr","locations":[{"start":{"line":65,"column":37},"end":{"line":65,"column":59}},{"start":{"line":65,"column":62},"end":{"line":65,"column":77}}],"line":65}},"s":{"0":0,"1":0,"2":0,"3":0,"4":0,"5":0},"f":{"0":0,"1":0},"b":{"0":[0,0]},"_coverageSchema":"43e27e138ebf9cfc5966b082cf9a028302ed4184","hash":"fffca50bdc1e95fd5fb85d1c7cf58198b0f2ca65"}
,"C:\\Users\\Henrique\\projects\\mobile-challenger\\src\\pages\\repository\\styles.js": {"path":"C:\\Users\\Henrique\\projects\\mobile-challenger\\src\\pages\\repository\\styles.js","statementMap":{},"fnMap":{},"branchMap":{},"s":{},"f":{},"b":{},"_coverageSchema":"43e27e138ebf9cfc5966b082cf9a028302ed4184","hash":"ea9d9e883af43696f75a620059028a40f69b3e22"}
,"C:\\Users\\Henrique\\projects\\mobile-challenger\\src\\reducers\\repositories\\actions.js": {"path":"C:\\Users\\Henrique\\projects\\mobile-challenger\\src\\reducers\\repositories\\actions.js","statementMap":{"0":{"start":{"line":4,"column":31},"end":{"line":20,"column":1}},"1":{"start":{"line":4,"column":43},"end":{"line":20,"column":1}},"2":{"start":{"line":5,"column":2},"end":{"line":19,"column":3}},"3":{"start":{"line":6,"column":21},"end":{"line":6,"column":56}},"4":{"start":{"line":8,"column":4},"end":{"line":12,"column":6}},"5":{"start":{"line":14,"column":4},"end":{"line":18,"column":6}},"6":{"start":{"line":22,"column":33},"end":{"line":27,"column":1}},"7":{"start":{"line":23,"column":2},"end":{"line":26,"column":3}}},"fnMap":{"0":{"name":"(anonymous_0)","decl":{"start":{"line":4,"column":31},"end":{"line":4,"column":32}},"loc":{"start":{"line":4,"column":43},"end":{"line":20,"column":1}},"line":4},"1":{"name":"(anonymous_1)","decl":{"start":{"line":4,"column":43},"end":{"line":4,"column":44}},"loc":{"start":{"line":4,"column":61},"end":{"line":20,"column":1}},"line":4},"2":{"name":"(anonymous_2)","decl":{"start":{"line":22,"column":33},"end":{"line":22,"column":34}},"loc":{"start":{"line":22,"column":39},"end":{"line":27,"column":1}},"line":22}},"branchMap":{},"s":{"0":2,"1":0,"2":0,"3":0,"4":0,"5":0,"6":2,"7":0},"f":{"0":0,"1":0,"2":0},"b":{},"_coverageSchema":"43e27e138ebf9cfc5966b082cf9a028302ed4184","hash":"57139d83ec52f6635b7c90f2f24b1da30e59d8c7"}
,"C:\\Users\\Henrique\\projects\\mobile-challenger\\src\\reducers\\repositories\\types.js": {"path":"C:\\Users\\Henrique\\projects\\mobile-challenger\\src\\reducers\\repositories\\types.js","statementMap":{"0":{"start":{"line":1,"column":32},"end":{"line":1,"column":50}},"1":{"start":{"line":2,"column":34},"end":{"line":2,"column":54}}},"fnMap":{},"branchMap":{},"s":{"0":2,"1":2},"f":{},"b":{},"_coverageSchema":"43e27e138ebf9cfc5966b082cf9a028302ed4184","hash":"9dc4dca50a08a53c73bff8e0ef5a58e58a82d839"}
,"C:\\Users\\Henrique\\projects\\mobile-challenger\\src\\services\\api.js": {"path":"C:\\Users\\Henrique\\projects\\mobile-challenger\\src\\services\\api.js","statementMap":{},"fnMap":{},"branchMap":{},"s":{},"f":{},"b":{},"_coverageSchema":"43e27e138ebf9cfc5966b082cf9a028302ed4184","hash":"1c43465b95a5b43607733d249c33d9428164451b"}
}
