TN:
SF:C:\Users\Henrique\projects\mobile-challenger\src\components\boxRepository\index.js
FN:7,BoxRepository
FNF:1
FNH:1
FNDA:2,BoxRepository
DA:8,2
LF:1
LH:1
BRDA:15,0,0,2
BRDA:15,0,1,0
BRF:2
BRH:1
end_of_record
TN:
SF:C:\Users\Henrique\projects\mobile-challenger\src\components\boxRepository\styles.js
FNF:0
FNH:0
LF:0
LH:0
BRF:0
BRH:0
end_of_record
TN:
SF:C:\Users\Henrique\projects\mobile-challenger\src\components\githubButton\index.js
FN:7,GithubButton
FN:12,(anonymous_1)
FNF:2
FNH:1
FNDA:4,GithubButton
FNDA:0,(anonymous_1)
DA:8,4
DA:12,0
LF:2
LH:1
BRF:0
BRH:0
end_of_record
TN:
SF:C:\Users\Henrique\projects\mobile-challenger\src\components\githubButton\styles.js
FNF:0
FNH:0
LF:0
LH:0
BRF:0
BRH:0
end_of_record
TN:
SF:C:\Users\Henrique\projects\mobile-challenger\src\components\searchRepository\index.js
FN:7,SearchRepository
FNF:1
FNH:1
FNDA:5,SearchRepository
DA:8,5
LF:1
LH:1
BRF:0
BRH:0
end_of_record
TN:
SF:C:\Users\Henrique\projects\mobile-challenger\src\components\searchRepository\styles.js
FNF:0
FNH:0
LF:0
LH:0
BRF:0
BRH:0
end_of_record
TN:
SF:C:\Users\Henrique\projects\mobile-challenger\src\pages\home\index.js
FN:12,Home
FN:17,(anonymous_1)
FN:40,(anonymous_2)
FNF:3
FNH:0
FNDA:0,Home
FNDA:0,(anonymous_1)
FNDA:0,(anonymous_2)
DA:13,0
DA:14,0
DA:15,0
DA:17,0
DA:18,0
DA:19,0
DA:21,0
DA:41,0
DA:42,0
DA:43,0
DA:44,0
DA:45,0
LF:12
LH:0
BRDA:23,0,0,0
BRDA:23,0,1,0
BRDA:54,1,0,0
BRDA:54,1,1,0
BRDA:54,1,2,0
BRDA:54,1,3,0
BRF:6
BRH:0
end_of_record
TN:
SF:C:\Users\Henrique\projects\mobile-challenger\src\pages\home\styles.js
FNF:0
FNH:0
LF:0
LH:0
BRF:0
BRH:0
end_of_record
TN:
SF:C:\Users\Henrique\projects\mobile-challenger\src\pages\profile\index.js
FN:12,Profile
FN:13,(anonymous_1)
FN:25,(anonymous_2)
FN:51,(anonymous_3)
FN:52,(anonymous_4)
FN:53,(anonymous_5)
FNF:6
FNH:0
FNDA:0,Profile
FNDA:0,(anonymous_1)
FNDA:0,(anonymous_2)
FNDA:0,(anonymous_3)
FNDA:0,(anonymous_4)
FNDA:0,(anonymous_5)
DA:13,0
DA:14,0
DA:15,0
DA:16,0
DA:18,0
DA:20,0
DA:26,0
DA:27,0
DA:51,0
DA:53,0
LF:10
LH:0
BRDA:15,0,0,0
BRDA:15,0,1,0
BRDA:16,1,0,0
BRDA:16,1,1,0
BRF:4
BRH:0
end_of_record
TN:
SF:C:\Users\Henrique\projects\mobile-challenger\src\pages\profile\styles.js
FNF:0
FNH:0
LF:0
LH:0
BRF:0
BRH:0
end_of_record
TN:
SF:C:\Users\Henrique\projects\mobile-challenger\src\pages\repository\index.js
FN:11,Home
FN:23,(anonymous_1)
FNF:2
FNH:0
FNDA:0,Home
FNDA:0,(anonymous_1)
DA:12,0
DA:13,0
DA:15,0
DA:16,0
DA:18,0
DA:23,0
LF:6
LH:0
BRDA:65,0,0,0
BRDA:65,0,1,0
BRF:2
BRH:0
end_of_record
TN:
SF:C:\Users\Henrique\projects\mobile-challenger\src\pages\repository\styles.js
FNF:0
FNH:0
LF:0
LH:0
BRF:0
BRH:0
end_of_record
TN:
SF:C:\Users\Henrique\projects\mobile-challenger\src\reducers\repositories\actions.js
FN:4,(anonymous_0)
FN:4,(anonymous_1)
FN:22,(anonymous_2)
FNF:3
FNH:0
FNDA:0,(anonymous_0)
FNDA:0,(anonymous_1)
FNDA:0,(anonymous_2)
DA:4,2
DA:5,0
DA:6,0
DA:8,0
DA:14,0
DA:22,2
DA:23,0
LF:7
LH:2
BRF:0
BRH:0
end_of_record
TN:
SF:C:\Users\Henrique\projects\mobile-challenger\src\reducers\repositories\types.js
FNF:0
FNH:0
DA:1,2
DA:2,2
LF:2
LH:2
BRF:0
BRH:0
end_of_record
TN:
SF:C:\Users\Henrique\projects\mobile-challenger\src\services\api.js
FNF:0
FNH:0
LF:0
LH:0
BRF:0
BRH:0
end_of_record
